Determining if the pthread_create exist failed with the following output:
Change Dir: /home/cserv1_a/elec_msc/el20ss/CODE/el20ss/Coursework 2/build/CMakeFiles/CMakeTmp

Run Build Command:/usr/bin/gmake "cmTryCompileExec1118577310/fast"
/usr/bin/gmake -f CMakeFiles/cmTryCompileExec1118577310.dir/build.make CMakeFiles/cmTryCompileExec1118577310.dir/build
gmake[1]: Entering directory `/home/cserv1_a/elec_msc/el20ss/CODE/el20ss/Coursework 2/build/CMakeFiles/CMakeTmp'
/usr/bin/cmake -E cmake_progress_report "/home/cserv1_a/elec_msc/el20ss/CODE/el20ss/Coursework 2/build/CMakeFiles/CMakeTmp/CMakeFiles" 1
Building C object CMakeFiles/cmTryCompileExec1118577310.dir/CheckSymbolExists.c.o
/usr/bin/cc    -o CMakeFiles/cmTryCompileExec1118577310.dir/CheckSymbolExists.c.o   -c "/home/cserv1_a/elec_msc/el20ss/CODE/el20ss/Coursework 2/build/CMakeFiles/CMakeTmp/CheckSymbolExists.c"
Linking C executable cmTryCompileExec1118577310
/usr/bin/cmake -E cmake_link_script CMakeFiles/cmTryCompileExec1118577310.dir/link.txt --verbose=1
/usr/bin/cc       CMakeFiles/cmTryCompileExec1118577310.dir/CheckSymbolExists.c.o  -o cmTryCompileExec1118577310 -rdynamic 
CMakeFiles/cmTryCompileExec1118577310.dir/CheckSymbolExists.c.o: In function `main':
CheckSymbolExists.c:(.text+0x16): undefined reference to `pthread_create'
collect2: error: ld returned 1 exit status
gmake[1]: *** [cmTryCompileExec1118577310] Error 1
gmake[1]: Leaving directory `/home/cserv1_a/elec_msc/el20ss/CODE/el20ss/Coursework 2/build/CMakeFiles/CMakeTmp'
gmake: *** [cmTryCompileExec1118577310/fast] Error 2

File /home/cserv1_a/elec_msc/el20ss/CODE/el20ss/Coursework 2/build/CMakeFiles/CMakeTmp/CheckSymbolExists.c:
/* */
#include <pthread.h>

int main(int argc, char** argv)
{
  (void)argv;
#ifndef pthread_create
  return ((int*)(&pthread_create))[argc];
#else
  (void)argc;
  return 0;
#endif
}

Determining if the function pthread_create exists in the pthreads failed with the following output:
Change Dir: /home/cserv1_a/elec_msc/el20ss/CODE/el20ss/Coursework 2/build/CMakeFiles/CMakeTmp

Run Build Command:/usr/bin/gmake "cmTryCompileExec2216015113/fast"
/usr/bin/gmake -f CMakeFiles/cmTryCompileExec2216015113.dir/build.make CMakeFiles/cmTryCompileExec2216015113.dir/build
gmake[1]: Entering directory `/home/cserv1_a/elec_msc/el20ss/CODE/el20ss/Coursework 2/build/CMakeFiles/CMakeTmp'
/usr/bin/cmake -E cmake_progress_report "/home/cserv1_a/elec_msc/el20ss/CODE/el20ss/Coursework 2/build/CMakeFiles/CMakeTmp/CMakeFiles" 1
Building C object CMakeFiles/cmTryCompileExec2216015113.dir/CheckFunctionExists.c.o
/usr/bin/cc   -DCHECK_FUNCTION_EXISTS=pthread_create   -o CMakeFiles/cmTryCompileExec2216015113.dir/CheckFunctionExists.c.o   -c /usr/share/cmake/Modules/CheckFunctionExists.c
Linking C executable cmTryCompileExec2216015113
/usr/bin/cmake -E cmake_link_script CMakeFiles/cmTryCompileExec2216015113.dir/link.txt --verbose=1
/usr/bin/cc   -DCHECK_FUNCTION_EXISTS=pthread_create    CMakeFiles/cmTryCompileExec2216015113.dir/CheckFunctionExists.c.o  -o cmTryCompileExec2216015113 -rdynamic -lpthreads 
/usr/bin/ld: cannot find -lpthreads
collect2: error: ld returned 1 exit status
gmake[1]: *** [cmTryCompileExec2216015113] Error 1
gmake[1]: Leaving directory `/home/cserv1_a/elec_msc/el20ss/CODE/el20ss/Coursework 2/build/CMakeFiles/CMakeTmp'
gmake: *** [cmTryCompileExec2216015113/fast] Error 2


